<?xml version="1.0" encoding="UTF-8"?>
<!-- Generated by org.testng.reporters.JUnitReportReporter -->
<testsuite hostname="DESKTOP-5GPDUKO" failures="0" tests="3" name="com.anto.testng.testNgnew" time="0.015" errors="0" timestamp="2022-05-29T11:52:15 IST" skipped="0">
  <testcase classname="com.anto.testng.testNgnew" name="test" time="0.009"/>
  <system-out/>
  <testcase classname="com.anto.testng.testNgnew" name="test1" time="0.002"/>
  <system-out/>
  <testcase classname="com.anto.testng.testNgnew" name="test2" time="0.004"/>
  <system-out/>
</testsuite> <!-- com.anto.testng.testNgnew -->
